35
48.0 48.0 48.0
48.0 48.0 48.0
1.0 1.0 1.0
47.0 47.0 47.0
9.0 9.0 9.0
20.0 20.0 20.0
24.0 24.0 24.0
9.0 9.0 9.0
14.0 14.0 14.0
41.0 41.0 41.0
30.0 30.0 30.0
18.0 18.0 18.0
31.0 31.0 31.0
39.0 39.0 39.0
-9.0 -9.0 -9.0
34.0 34.0 34.0
42.0 42.0 42.0
6.0 6.0 6.0
-7.0 -7.0 -7.0
33.0 33.0 33.0
45.0 45.0 45.0
10.0 10.0 10.0
-6.0 -6.0 -6.0
40.0 40.0 40.0
38.0 38.0 38.0
37.0 37.0 37.0
49.0 49.0 49.0
47.0 47.0 47.0
-6.0 -6.0 -6.0
49.0 49.0 49.0
-10.0 -10.0 -10.0
-9.0 -9.0 -9.0
-7.0 -7.0 -7.0
-6.0 -6.0 -6.0
-3.0 -3.0 -3.0
